\BOOKMARK [0][-]{chapter.1}{Introduzione}{}% 1
\BOOKMARK [1][-]{section.1.1}{Albero della vita}{chapter.1}% 2
\BOOKMARK [2][-]{subsection.1.1.1}{Alcuni organismi}{section.1.1}% 3
\BOOKMARK [2][-]{subsection.1.1.2}{Batteri e archea}{section.1.1}% 4
\BOOKMARK [2][-]{subsection.1.1.3}{Virus}{section.1.1}% 5
\BOOKMARK [2][-]{subsection.1.1.4}{Caratteristiche degli esseri viventi}{section.1.1}% 6
\BOOKMARK [2][-]{subsection.1.1.5}{Caratterizzazione dei microbi}{section.1.1}% 7
\BOOKMARK [1][-]{section.1.2}{La macchina cellulare}{chapter.1}% 8
\BOOKMARK [2][-]{subsection.1.2.1}{Impatto dei microbi sulle attivit\340 umane}{section.1.2}% 9
\BOOKMARK [2][-]{subsection.1.2.2}{Ricombinazione del DNA}{section.1.2}% 10
\BOOKMARK [1][-]{section.1.3}{Microrganismi come modello}{chapter.1}% 11
\BOOKMARK [2][-]{subsection.1.3.1}{Il conflitto sulla generazione spontanea}{section.1.3}% 12
\BOOKMARK [2][-]{subsection.1.3.2}{Postulati di Koch}{section.1.3}% 13
\BOOKMARK [1][-]{section.1.4}{I batteri}{chapter.1}% 14
\BOOKMARK [2][-]{subsection.1.4.1}{Composizione elementare}{section.1.4}% 15
\BOOKMARK [2][-]{subsection.1.4.2}{Strutture e loro funzioni}{section.1.4}% 16
\BOOKMARK [2][-]{subsection.1.4.3}{Classificazione}{section.1.4}% 17
\BOOKMARK [0][-]{chapter.2}{La struttura della cellula}{}% 18
\BOOKMARK [1][-]{section.2.1}{La parete cellulare}{chapter.2}% 19
\BOOKMARK [2][-]{subsection.2.1.1}{Peptidoglicano}{section.2.1}% 20
\BOOKMARK [2][-]{subsection.2.1.2}{Gram positivi}{section.2.1}% 21
\BOOKMARK [2][-]{subsection.2.1.3}{Gram negativi}{section.2.1}% 22
\BOOKMARK [2][-]{subsection.2.1.4}{Lisozima}{section.2.1}% 23
\BOOKMARK [1][-]{section.2.2}{La membrana citoplasmatica}{chapter.2}% 24
\BOOKMARK [2][-]{subsection.2.2.1}{La struttura}{section.2.2}% 25
\BOOKMARK [1][-]{section.2.3}{Membrana e parete degli archaea}{chapter.2}% 26
\BOOKMARK [1][-]{section.2.4}{Flagelli}{chapter.2}% 27
\BOOKMARK [2][-]{subsection.2.4.1}{Tipologie di flagelli}{section.2.4}% 28
\BOOKMARK [2][-]{subsection.2.4.2}{Struttura}{section.2.4}% 29
\BOOKMARK [2][-]{subsection.2.4.3}{Movimento flagellare}{section.2.4}% 30
\BOOKMARK [2][-]{subsection.2.4.4}{Sintesi flagellare}{section.2.4}% 31
\BOOKMARK [2][-]{subsection.2.4.5}{Tipologie di movimento flagellare}{section.2.4}% 32
\BOOKMARK [2][-]{subsection.2.4.6}{Spirocheti}{section.2.4}% 33
\BOOKMARK [2][-]{subsection.2.4.7}{Motilit\340 batterica}{section.2.4}% 34
\BOOKMARK [1][-]{section.2.5}{Strutture esterne}{chapter.2}% 35
\BOOKMARK [2][-]{subsection.2.5.1}{Glicocalice}{section.2.5}% 36
\BOOKMARK [2][-]{subsection.2.5.2}{Fimbrie}{section.2.5}% 37
\BOOKMARK [2][-]{subsection.2.5.3}{Pili}{section.2.5}% 38
\BOOKMARK [2][-]{subsection.2.5.4}{Biofilm}{section.2.5}% 39
\BOOKMARK [1][-]{section.2.6}{Inclusioni cellulari}{chapter.2}% 40
\BOOKMARK [2][-]{subsection.2.6.1}{Tipologie di inclusioni cellulari}{section.2.6}% 41
\BOOKMARK [1][-]{section.2.7}{Endospore}{chapter.2}% 42
\BOOKMARK [2][-]{subsection.2.7.1}{Struttura}{section.2.7}% 43
\BOOKMARK [2][-]{subsection.2.7.2}{Formazione}{section.2.7}% 44
\BOOKMARK [2][-]{subsection.2.7.3}{Riattivazione della cellula}{section.2.7}% 45
\BOOKMARK [0][-]{chapter.3}{Popolazione batterica}{}% 46
\BOOKMARK [1][-]{section.3.1}{Crescita batterica}{chapter.3}% 47
\BOOKMARK [2][-]{subsection.3.1.1}{Processo di scissione binaria}{section.3.1}% 48
\BOOKMARK [2][-]{subsection.3.1.2}{Divisoma}{section.3.1}% 49
\BOOKMARK [2][-]{subsection.3.1.3}{Sintesi della parete cellulare}{section.3.1}% 50
\BOOKMARK [1][-]{section.3.2}{Crescita di una popolazione batterica}{chapter.3}% 51
\BOOKMARK [2][-]{subsection.3.2.1}{Tempo di generazione}{section.3.2}% 52
\BOOKMARK [2][-]{subsection.3.2.2}{Fasi di crescita}{section.3.2}% 53
\BOOKMARK [1][-]{section.3.3}{Metodi di conta delle colonie batteriche}{chapter.3}% 54
\BOOKMARK [2][-]{subsection.3.3.1}{Conta totale}{section.3.3}% 55
\BOOKMARK [2][-]{subsection.3.3.2}{Conta vitale}{section.3.3}% 56
\BOOKMARK [2][-]{subsection.3.3.3}{Filtrazione su membrana}{section.3.3}% 57
\BOOKMARK [2][-]{subsection.3.3.4}{Most Probable Number}{section.3.3}% 58
\BOOKMARK [2][-]{subsection.3.3.5}{Misura della torbidit\340}{section.3.3}% 59
\BOOKMARK [1][-]{section.3.4}{Sistemi di coltivazione microbica}{chapter.3}% 60
\BOOKMARK [2][-]{subsection.3.4.1}{Spread-plate method}{section.3.4}% 61
\BOOKMARK [2][-]{subsection.3.4.2}{Pour-plate method}{section.3.4}% 62
\BOOKMARK [2][-]{subsection.3.4.3}{Chemostato}{section.3.4}% 63
\BOOKMARK [1][-]{section.3.5}{Effetti ambientali sulla crescita microbica}{chapter.3}% 64
\BOOKMARK [2][-]{subsection.3.5.1}{Temperatura}{section.3.5}% 65
\BOOKMARK [2][-]{subsection.3.5.2}{pH}{section.3.5}% 66
\BOOKMARK [2][-]{subsection.3.5.3}{Concentrazione NaCl}{section.3.5}% 67
\BOOKMARK [2][-]{subsection.3.5.4}{Attivit\340 dell'acqua}{section.3.5}% 68
\BOOKMARK [2][-]{subsection.3.5.5}{Ossigeno}{section.3.5}% 69
\BOOKMARK [2][-]{subsection.3.5.6}{Pressione}{section.3.5}% 70
\BOOKMARK [0][-]{chapter.4}{Meccanismi di trasporto cellulare}{}% 71
\BOOKMARK [1][-]{section.4.1}{Tipologie di trasporto}{chapter.4}% 72
\BOOKMARK [2][-]{subsection.4.1.1}{Diffusione passiva}{section.4.1}% 73
\BOOKMARK [2][-]{subsection.4.1.2}{Diffusione facilitata}{section.4.1}% 74
\BOOKMARK [2][-]{subsection.4.1.3}{Trasporto attivo}{section.4.1}% 75
\BOOKMARK [1][-]{section.4.2}{Sistemi di traslocazione nei procarioti}{chapter.4}% 76
\BOOKMARK [2][-]{subsection.4.2.1}{Via di secrezione dipendente da Sec}{section.4.2}% 77
\BOOKMARK [2][-]{subsection.4.2.2}{Sistema di secrezione di tipo II}{section.4.2}% 78
\BOOKMARK [2][-]{subsection.4.2.3}{Sistema di secrezione a 2 partner \(TPS, Two Partner Secretion\)}{section.4.2}% 79
\BOOKMARK [2][-]{subsection.4.2.4}{Sistema dell'autotrasporto, tipo V}{section.4.2}% 80
\BOOKMARK [2][-]{subsection.4.2.5}{Secrezione attraverso la via "chaperon/usher"}{section.4.2}% 81
\BOOKMARK [1][-]{section.4.3}{Vie delle secrezioni indipendenti da Sec}{chapter.4}% 82
\BOOKMARK [2][-]{subsection.4.3.1}{Il sistema Tat: Twin-arginine translocation system}{section.4.3}% 83
\BOOKMARK [2][-]{subsection.4.3.2}{I trasportatori ABC: ATP-Binding Cassette}{section.4.3}% 84
\BOOKMARK [2][-]{subsection.4.3.3}{Il sistema di secrezione di tipo III}{section.4.3}% 85
\BOOKMARK [2][-]{subsection.4.3.4}{Il sistema di secrezione di tipo IV}{section.4.3}% 86
\BOOKMARK [0][-]{chapter.5}{Metabolismo dei microrganismi}{}% 87
\BOOKMARK [1][-]{section.5.1}{Catalisi ed enzimi}{chapter.5}% 88
\BOOKMARK [2][-]{subsection.5.1.1}{Enzimi}{section.5.1}% 89
\BOOKMARK [2][-]{subsection.5.1.2}{Parametri esterni che alterano l'azione degli enzimi}{section.5.1}% 90
\BOOKMARK [2][-]{subsection.5.1.3}{Inibitori}{section.5.1}% 91
\BOOKMARK [1][-]{section.5.2}{Redox}{chapter.5}% 92
\BOOKMARK [1][-]{section.5.3}{Trasportatori di elettroni e ciclo NAD/NADH}{chapter.5}% 93
\BOOKMARK [1][-]{section.5.4}{ATP}{chapter.5}% 94
\BOOKMARK [1][-]{section.5.5}{Catabolismo dei carboidrati}{chapter.5}% 95
\BOOKMARK [1][-]{section.5.6}{Glicolisi}{chapter.5}% 96
\BOOKMARK [1][-]{section.5.7}{Respirazione cellulare}{chapter.5}% 97
\BOOKMARK [2][-]{subsection.5.7.1}{Sintesi acetilCoA}{section.5.7}% 98
\BOOKMARK [2][-]{subsection.5.7.2}{Ciclo di Krebs}{section.5.7}% 99
\BOOKMARK [2][-]{subsection.5.7.3}{Catena di trasporto degli elettroni}{section.5.7}% 100
\BOOKMARK [2][-]{subsection.5.7.4}{ATPsintasi}{section.5.7}% 101
\BOOKMARK [1][-]{section.5.8}{Bilancio globale}{chapter.5}% 102
\BOOKMARK [1][-]{section.5.9}{Le alternative cataboliche}{chapter.5}% 103
\BOOKMARK [1][-]{section.5.10}{La fermentazione}{chapter.5}% 104
\BOOKMARK [2][-]{subsection.5.10.1}{Fermentazione lattica}{section.5.10}% 105
\BOOKMARK [2][-]{subsection.5.10.2}{Fermentazione alcolica}{section.5.10}% 106
\BOOKMARK [2][-]{subsection.5.10.3}{Prodotti alimentari o industriali derivati da processi di fermentazione}{section.5.10}% 107
\BOOKMARK [1][-]{section.5.11}{Altre vie cataboliche}{chapter.5}% 108
\BOOKMARK [1][-]{section.5.12}{La fotosintesi}{chapter.5}% 109
\BOOKMARK [2][-]{subsection.5.12.1}{Reazioni dipendenti dalla luce}{section.5.12}% 110
\BOOKMARK [2][-]{subsection.5.12.2}{Reazioni non dipendenti dalla luce}{section.5.12}% 111
\BOOKMARK [0][-]{chapter.6}{Genetica batterica}{}% 112
\BOOKMARK [1][-]{section.6.1}{Mutazione}{chapter.6}% 113
\BOOKMARK [1][-]{section.6.2}{Isolamento dei mutanti}{chapter.6}% 114
\BOOKMARK [2][-]{subsection.6.2.1}{Mutazioni selezionabili}{section.6.2}% 115
\BOOKMARK [2][-]{subsection.6.2.2}{Isolamento di mutanti nutrizionali per selezione indiretta}{section.6.2}% 116
\BOOKMARK [2][-]{subsection.6.2.3}{Le basi molecolari delle mutazioni}{section.6.2}% 117
\BOOKMARK [2][-]{subsection.6.2.4}{Retromutazioni o reversioni}{section.6.2}% 118
\BOOKMARK [2][-]{subsection.6.2.5}{Frequenza di mutazione}{section.6.2}% 119
\BOOKMARK [2][-]{subsection.6.2.6}{Mutagenesi}{section.6.2}% 120
\BOOKMARK [2][-]{subsection.6.2.7}{Saggi di laboratorio per l'identificazione del mutante}{section.6.2}% 121
\BOOKMARK [1][-]{section.6.3}{Ricombinazione genetica omologa}{chapter.6}% 122
\BOOKMARK [2][-]{subsection.6.3.1}{Trasformazione}{section.6.3}% 123
\BOOKMARK [2][-]{subsection.6.3.2}{Trasduzione}{section.6.3}% 124
\BOOKMARK [2][-]{subsection.6.3.3}{Coniugazione}{section.6.3}% 125
\BOOKMARK [1][-]{section.6.4}{I trasposoni e la trasposizione}{chapter.6}% 126
\BOOKMARK [2][-]{subsection.6.4.1}{Esperimento di trasposizione}{section.6.4}% 127
\BOOKMARK [2][-]{subsection.6.4.2}{Mutagenesi con elementi trasponibili}{section.6.4}% 128
\BOOKMARK [1][-]{section.6.5}{Genetica batterica e clonaggio genico}{chapter.6}% 129
\BOOKMARK [2][-]{subsection.6.5.1}{I plasmidi come vettori di clonaggio}{section.6.5}% 130
\BOOKMARK [2][-]{subsection.6.5.2}{Il batteriofago lambda come vettore di clonaggio}{section.6.5}% 131
\BOOKMARK [2][-]{subsection.6.5.3}{La mutagenesi sito-diretta cosente di causare mutazioni all'interno di uno specifico gene}{section.6.5}% 132
\BOOKMARK [2][-]{subsection.6.5.4}{Mutagenesi a cassetta e inattivazione genica}{section.6.5}% 133
\BOOKMARK [0][-]{chapter.7}{Genomica microbica}{}% 134
\BOOKMARK [1][-]{section.7.1}{Sequenziamento genomico di prima generazione \(1995\)}{chapter.7}% 135
\BOOKMARK [2][-]{subsection.7.1.1}{Cromosomi artificiali batterici: i BAC}{section.7.1}% 136
\BOOKMARK [2][-]{subsection.7.1.2}{YAC: i cromosomi artificiali di lievito}{section.7.1}% 137
\BOOKMARK [1][-]{section.7.2}{Sequenziamento del DNA}{chapter.7}% 138
\BOOKMARK [2][-]{subsection.7.2.1}{Metodo Sanger}{section.7.2}% 139
\BOOKMARK [2][-]{subsection.7.2.2}{Sequenziamento shotgun}{section.7.2}% 140
\BOOKMARK [1][-]{section.7.3}{Mappe genomiche}{chapter.7}% 141
\BOOKMARK [2][-]{subsection.7.3.1}{Categorie geniche}{section.7.3}% 142
\BOOKMARK [1][-]{section.7.4}{Genomica comparativa}{chapter.7}% 143
\BOOKMARK [0][-]{chapter.8}{Virologia}{}% 144
\BOOKMARK [1][-]{section.8.1}{Struttura dei virus}{chapter.8}% 145
\BOOKMARK [2][-]{subsection.8.1.1}{Capside e simmetria}{section.8.1}% 146
\BOOKMARK [2][-]{subsection.8.1.2}{Virus con capsidi a simmetria complessa}{section.8.1}% 147
\BOOKMARK [2][-]{subsection.8.1.3}{Genomi virali}{section.8.1}% 148
\BOOKMARK [1][-]{section.8.2}{Tassonomia virale}{chapter.8}% 149
\BOOKMARK [1][-]{section.8.3}{Ciclo replicativo di un virus animale}{chapter.8}% 150
\BOOKMARK [2][-]{subsection.8.3.1}{Herpes simplex, classe I}{section.8.3}% 151
\BOOKMARK [2][-]{subsection.8.3.2}{Poxvirus \(vaiolo\), classe I}{section.8.3}% 152
\BOOKMARK [2][-]{subsection.8.3.3}{Picornavirus \(poliovirus\), classe IV}{section.8.3}% 153
\BOOKMARK [2][-]{subsection.8.3.4}{Virus dell'influenza umana di tipo A, classe V}{section.8.3}% 154
\BOOKMARK [2][-]{subsection.8.3.5}{Retrovirus animale, classe VI}{section.8.3}% 155
\BOOKMARK [1][-]{section.8.4}{I Batteriofagi}{chapter.8}% 156
\BOOKMARK [1][-]{section.8.5}{Replicazione dei batteriofagi}{chapter.8}% 157
\BOOKMARK [2][-]{subsection.8.5.1}{Batteriofago T4}{section.8.5}% 158
\BOOKMARK [2][-]{subsection.8.5.2}{Permutazione circolare}{section.8.5}% 159
\BOOKMARK [2][-]{subsection.8.5.3}{Batteriofagi temperati}{section.8.5}% 160
\BOOKMARK [2][-]{subsection.8.5.4}{Il batteriofago lambda}{section.8.5}% 161
\BOOKMARK [2][-]{subsection.8.5.5}{Crescita litica di lambda}{section.8.5}% 162
\BOOKMARK [1][-]{section.8.6}{Genomi dei batteriofagi}{chapter.8}% 163
\BOOKMARK [1][-]{section.8.7}{Coltivazione dei virus animali}{chapter.8}% 164
\BOOKMARK [1][-]{section.8.8}{Purificazione di virus}{chapter.8}% 165
\BOOKMARK [2][-]{subsection.8.8.1}{Centrifugazione differenziale}{section.8.8}% 166
\BOOKMARK [2][-]{subsection.8.8.2}{Centrifugazione in gradiente di densit\340}{section.8.8}% 167
\BOOKMARK [2][-]{subsection.8.8.3}{Precipitazione differenziale dei virus}{section.8.8}% 168
\BOOKMARK [2][-]{subsection.8.8.4}{Denaturazione dei contaminanti}{section.8.8}% 169
\BOOKMARK [2][-]{subsection.8.8.5}{Digestione enzimatica dei costituenti delle cellule ospiti}{section.8.8}% 170
\BOOKMARK [1][-]{section.8.9}{Particelle sub-virali}{chapter.8}% 171
\BOOKMARK [2][-]{subsection.8.9.1}{Viroidi}{section.8.9}% 172
\BOOKMARK [2][-]{subsection.8.9.2}{Prioni}{section.8.9}% 173
\BOOKMARK [0][-]{chapter.9}{Regolazione metabolica}{}% 174
\BOOKMARK [1][-]{section.9.1}{Regolazione dell'attivit\340 enzimatica}{chapter.9}% 175
\BOOKMARK [2][-]{subsection.9.1.1}{Inibizione da feedback}{section.9.1}% 176
\BOOKMARK [2][-]{subsection.9.1.2}{Modificazione covalente degli enzimi}{section.9.1}% 177
\BOOKMARK [2][-]{subsection.9.1.3}{Processamento delle proteine}{section.9.1}% 178
\BOOKMARK [1][-]{section.9.2}{Regolazione a livello trascrizionale}{chapter.9}% 179
\BOOKMARK [2][-]{subsection.9.2.1}{DNA binding proteins \(DBP\)}{section.9.2}% 180
\BOOKMARK [2][-]{subsection.9.2.2}{Il controllo negativo della trascrizione}{section.9.2}% 181
\BOOKMARK [2][-]{subsection.9.2.3}{Controllo positivo della trascrizione}{section.9.2}% 182
\BOOKMARK [2][-]{subsection.9.2.4}{Sistemi di controllo globale}{section.9.2}% 183
\BOOKMARK [1][-]{section.9.3}{Altri sistemi di controllo globale}{chapter.9}% 184
\BOOKMARK [2][-]{subsection.9.3.1}{Fattori sigma alternativi}{section.9.3}% 185
\BOOKMARK [2][-]{subsection.9.3.2}{Risposta allo shock termico}{section.9.3}% 186
\BOOKMARK [2][-]{subsection.9.3.3}{Quorum sensing}{section.9.3}% 187
\BOOKMARK [2][-]{subsection.9.3.4}{Trasduzione di segnale e sistemi di regolazione a 2 componenti}{section.9.3}% 188
\BOOKMARK [0][-]{chapter.10}{Controllo della crescita microbica}{}% 189
\BOOKMARK [1][-]{section.10.1}{Metodi fisici}{chapter.10}% 190
\BOOKMARK [2][-]{subsection.10.1.1}{Caldo umido}{section.10.1}% 191
\BOOKMARK [2][-]{subsection.10.1.2}{Trattamenti fisici alternativi}{section.10.1}% 192
\BOOKMARK [1][-]{section.10.2}{Metodi chimici}{chapter.10}% 193
\BOOKMARK [2][-]{subsection.10.2.1}{Controllo della crescita in vivo}{section.10.2}% 194
\BOOKMARK [1][-]{section.10.3}{Misurazione dell'attivit\340 antimicrobica}{chapter.10}% 195
\BOOKMARK [2][-]{subsection.10.3.1}{Test di Kirby-Bauer}{section.10.3}% 196
\BOOKMARK [2][-]{subsection.10.3.2}{Test di Minimum Inhibitory Concentration \(MIC\)}{section.10.3}% 197
\BOOKMARK [2][-]{subsection.10.3.3}{Etest}{section.10.3}% 198
\BOOKMARK [2][-]{subsection.10.3.4}{Minimum bactericidal concentration \(MBC\)}{section.10.3}% 199
\BOOKMARK [1][-]{section.10.4}{Meccanismi di azione degli antibiotici}{chapter.10}% 200
\BOOKMARK [2][-]{subsection.10.4.1}{Inibizione della sintesi della parete cellulare}{section.10.4}% 201
\BOOKMARK [2][-]{subsection.10.4.2}{Inibizione della sintesi proteica}{section.10.4}% 202
\BOOKMARK [0][-]{chapter.11}{Laboratorio}{}% 203
\BOOKMARK [1][-]{section.11.1}{Prima esperienza - preparazione del terreno di coltura sterile}{chapter.11}% 204
\BOOKMARK [2][-]{subsection.11.1.1}{Introduzione}{section.11.1}% 205
\BOOKMARK [2][-]{subsection.11.1.2}{Primo giorno}{section.11.1}% 206
\BOOKMARK [1][-]{section.11.2}{Seconda esperienza - Determinazione della curva di crescita di un ceppo batterico \(E. coli\)}{chapter.11}% 207
\BOOKMARK [2][-]{subsection.11.2.1}{Introduzione}{section.11.2}% 208
\BOOKMARK [2][-]{subsection.11.2.2}{Primo giorno}{section.11.2}% 209
\BOOKMARK [1][-]{section.11.3}{Terza esperienza - Caratterizzazione dei batteri del cavo orale}{chapter.11}% 210
\BOOKMARK [2][-]{subsection.11.3.1}{Introduzione}{section.11.3}% 211
\BOOKMARK [2][-]{subsection.11.3.2}{Secondo giorno}{section.11.3}% 212
\BOOKMARK [2][-]{subsection.11.3.3}{Procedimento}{section.11.3}% 213
\BOOKMARK [1][-]{section.11.4}{Quarta esperienza - Conta standard su piastra}{chapter.11}% 214
\BOOKMARK [2][-]{subsection.11.4.1}{Introduzione}{section.11.4}% 215
\BOOKMARK [2][-]{subsection.11.4.2}{Secondo giorno}{section.11.4}% 216
\BOOKMARK [1][-]{section.11.5}{Quinta esperienza - test di aerobiosi/anaerobiosi su terreno solido}{chapter.11}% 217
\BOOKMARK [2][-]{subsection.11.5.1}{Introduzione}{section.11.5}% 218
\BOOKMARK [2][-]{subsection.11.5.2}{Seconda giornata}{section.11.5}% 219
\BOOKMARK [1][-]{section.11.6}{Sesta esperienza - test Kirby-Bauer}{chapter.11}% 220
\BOOKMARK [2][-]{subsection.11.6.1}{Introduzione}{section.11.6}% 221
\BOOKMARK [2][-]{subsection.11.6.2}{Secondo giorno}{section.11.6}% 222
\BOOKMARK [1][-]{section.11.7}{Settima esperienza - test biochimico API 20E}{chapter.11}% 223
\BOOKMARK [2][-]{subsection.11.7.1}{Introduzione}{section.11.7}% 224
\BOOKMARK [2][-]{subsection.11.7.2}{Secondo giorno}{section.11.7}% 225
\BOOKMARK [1][-]{section.11.8}{Ottava esperienza - Colorazione di Gram}{chapter.11}% 226
\BOOKMARK [2][-]{subsection.11.8.1}{Introduzione}{section.11.8}% 227
\BOOKMARK [2][-]{subsection.11.8.2}{Terzo giorno}{section.11.8}% 228
\BOOKMARK [1][-]{section.11.9}{Nona esperienza - Trasformazione di batteri}{chapter.11}% 229
\BOOKMARK [2][-]{subsection.11.9.1}{Introduzione}{section.11.9}% 230
\BOOKMARK [2][-]{subsection.11.9.2}{Terzo giorno}{section.11.9}% 231
\BOOKMARK [1][-]{section.11.10}{Decima esperienza - Osservazione della motilit\340 batterica di tipo ``swimming'' al microscopio ottico}{chapter.11}% 232
\BOOKMARK [2][-]{subsection.11.10.1}{Introduzione}{section.11.10}% 233
\BOOKMARK [2][-]{subsection.11.10.2}{Terza giornata}{section.11.10}% 234
